<?xml version="1.0" encoding="UTF-8"?>
<!-- Generated by org.testng.reporters.JUnitReportReporter -->
<testsuite hostname="Herain" failures="0" tests="2" name="com.seleniumapi.testcases.LoginTest" time="36.104" errors="0" timestamp="2024-04-14T11:45:53 IST" skipped="1">
  <testcase classname="com.seleniumapi.testcases.LoginTest" name="logoutUserCheckoutFlow" time="36.104"/>
  <testcase classname="com.seleniumapi.testcases.LoginTest" name="loginUserCheckoutFlow">
    <skipped/>
  </testcase> <!-- loginUserCheckoutFlow -->
</testsuite> <!-- com.seleniumapi.testcases.LoginTest -->
