<?xml version="1.0" encoding="UTF-8"?>
<!-- Generated by org.testng.reporters.JUnitReportReporter -->
<testsuite hostname="Herain" failures="0" tests="1" name="com.seleniumapi.testcases.LogoutUserAPITest" time="35.999" errors="0" timestamp="2024-04-15T10:28:47 IST" skipped="0">
  <testcase classname="com.seleniumapi.testcases.LogoutUserAPITest" name="logoutUserCheckoutFlowExcel" time="35.999"/>
</testsuite> <!-- com.seleniumapi.testcases.LogoutUserAPITest -->
