<?xml version="1.0" encoding="UTF-8"?>
<!-- Generated by org.testng.reporters.JUnitReportReporter -->
<testsuite hostname="Herain" failures="0" tests="8" name="com.seleniumapi.testcases.LoginTest" time="168.167" errors="0" timestamp="2024-04-14T19:50:29 IST" skipped="4">
  <testcase classname="com.seleniumapi.testcases.LoginTest" name="logoutUserCheckoutFlow" time="38.785"/>
  <testcase classname="com.seleniumapi.testcases.LoginTest" name="logoutUserCheckoutFlow" time="45.481"/>
  <testcase classname="com.seleniumapi.testcases.LoginTest" name="logoutUserCheckoutFlow" time="46.296"/>
  <testcase classname="com.seleniumapi.testcases.LoginTest" name="logoutUserCheckoutFlow" time="37.605"/>
  <testcase classname="com.seleniumapi.testcases.LoginTest" name="loginUserCheckoutFlow">
    <skipped/>
  </testcase> <!-- loginUserCheckoutFlow -->
  <testcase classname="com.seleniumapi.testcases.LoginTest" name="loginUserCheckoutFlow">
    <skipped/>
  </testcase> <!-- loginUserCheckoutFlow -->
  <testcase classname="com.seleniumapi.testcases.LoginTest" name="loginUserCheckoutFlow">
    <skipped/>
  </testcase> <!-- loginUserCheckoutFlow -->
  <testcase classname="com.seleniumapi.testcases.LoginTest" name="loginUserCheckoutFlow">
    <skipped/>
  </testcase> <!-- loginUserCheckoutFlow -->
</testsuite> <!-- com.seleniumapi.testcases.LoginTest -->
