<?xml version="1.0" encoding="UTF-8"?>
<!-- Generated by org.testng.reporters.JUnitReportReporter -->
<testsuite hostname="Herain" failures="0" tests="1" name="com.seleniumapi.testcases.LogoutUserJSONTest" time="33.988" errors="0" timestamp="2024-04-14T12:13:10 IST" skipped="0">
  <testcase classname="com.seleniumapi.testcases.LogoutUserJSONTest" name="logoutUserCheckoutFlowDataViaJSON" time="33.988"/>
</testsuite> <!-- com.seleniumapi.testcases.LogoutUserJSONTest -->
