<?xml version="1.0" encoding="UTF-8"?>
<!-- Generated by org.testng.reporters.JUnitReportReporter -->
<testsuite hostname="Herain" failures="0" tests="1" name="com.seleniumapi.testcases.LogoutUserAPISerialiseRequstTest" time="39.065" errors="0" timestamp="2024-04-14T15:34:38 IST" skipped="0">
  <testcase classname="com.seleniumapi.testcases.LogoutUserAPISerialiseRequstTest" name="logoutUserCheckoutFlowExcel" time="39.065"/>
</testsuite> <!-- com.seleniumapi.testcases.LogoutUserAPISerialiseRequstTest -->
