<?xml version="1.0" encoding="UTF-8"?>
<!-- Generated by org.testng.reporters.JUnitReportReporter -->
<testsuite hostname="Herain" failures="0" tests="2" name="com.task.automation.MyFirstTestCase" time="20.682" errors="0" timestamp="2024-04-06T20:45:18 IST" skipped="1">
  <testcase classname="com.task.automation.MyFirstTestCase" name="logoutUserCheckoutFlow" time="20.682"/>
  <testcase classname="com.task.automation.MyFirstTestCase" name="loginUserCheckoutFlow">
    <skipped/>
  </testcase> <!-- loginUserCheckoutFlow -->
</testsuite> <!-- com.task.automation.MyFirstTestCase -->
