<?xml version="1.0" encoding="UTF-8"?>
<!-- Generated by org.testng.reporters.JUnitReportReporter -->
<testsuite hostname="Herain" failures="0" tests="1" name="com.seleniumapi.testcases.LogoutUserDatabaseTest" time="32.188" errors="0" timestamp="2024-04-15T09:29:12 IST" skipped="0">
  <testcase classname="com.seleniumapi.testcases.LogoutUserDatabaseTest" name="logoutUserCheckoutFlowExcel" time="32.188"/>
</testsuite> <!-- com.seleniumapi.testcases.LogoutUserDatabaseTest -->
